# JRE version: Java(TM) SE Runtime Environment (8.0_71-b15) (build 1.8.0_71-b15)
# Java VM: Java HotSpot(TM) 64-Bit Server VM (25.71-b15 mixed mode windows-amd64 compressed oops)
Heap:
 PSYoungGen      total 498688K, used 352735K [0x000000076b500000, 0x000000078b480000, 0x00000007c0000000)
  eden space 474624K, 74% used [0x000000076b500000,0x0000000780d77d48,0x0000000788480000)
  from space 24064K, 0% used [0x0000000789d00000,0x0000000789d00000,0x000000078b480000)
  to   space 24576K, 0% used [0x0000000788480000,0x0000000788480000,0x0000000789c80000)
 ParOldGen       total 134144K, used 53135K [0x00000006c1e00000, 0x00000006ca100000, 0x000000076b500000)
  object space 134144K, 39% used [0x00000006c1e00000,0x00000006c51e3d80,0x00000006ca100000)
 Metaspace       used 54569K, capacity 58544K, committed 58752K, reserved 1099776K
  class space    used 7521K, capacity 8209K, committed 8320K, reserved 1048576K
GC Heap History (10 events):
Event: 49.213 GC heap before
{Heap before GC invocations=13 (full 3):
 PSYoungGen      total 498176K, used 17995K [0x000000076b500000, 0x000000078b680000, 0x00000007c0000000)
  eden space 473600K, 0% used [0x000000076b500000,0x000000076b500000,0x0000000788380000)
  from space 24576K, 73% used [0x0000000789c80000,0x000000078ae12f58,0x000000078b480000)
  to   space 25600K, 0% used [0x0000000788380000,0x0000000788380000,0x0000000789c80000)
 ParOldGen       total 134144K, used 38424K [0x00000006c1e00000, 0x00000006ca100000, 0x000000076b500000)
  object space 134144K, 28% used [0x00000006c1e00000,0x00000006c43863b0,0x00000006ca100000)
 Metaspace       used 52896K, capacity 56296K, committed 56320K, reserved 1097728K
  class space    used 7334K, capacity 7923K, committed 7936K, reserved 1048576K
Event: 49.453 GC heap after
Heap after GC invocations=13 (full 3):
 PSYoungGen      total 498176K, used 0K [0x000000076b500000, 0x000000078b680000, 0x00000007c0000000)
  eden space 473600K, 0% used [0x000000076b500000,0x000000076b500000,0x0000000788380000)
  from space 24576K, 0% used [0x0000000789c80000,0x0000000789c80000,0x000000078b480000)
  to   space 25600K, 0% used [0x0000000788380000,0x0000000788380000,0x0000000789c80000)
 ParOldGen       total 134144K, used 44827K [0x00000006c1e00000, 0x00000006ca100000, 0x000000076b500000)
  object space 134144K, 33% used [0x00000006c1e00000,0x00000006c49c6d58,0x00000006ca100000)
 Metaspace       used 52892K, capacity 56290K, committed 56320K, reserved 1097728K
  class space    used 7334K, capacity 7922K, committed 7936K, reserved 1048576K
}
Event: 213.053 GC heap before
{Heap before GC invocations=14 (full 3):
 PSYoungGen      total 498176K, used 359424K [0x000000076b500000, 0x000000078b680000, 0x00000007c0000000)
  eden space 473600K, 75% used [0x000000076b500000,0x00000007814002a8,0x0000000788380000)
  from space 24576K, 0% used [0x0000000789c80000,0x0000000789c80000,0x000000078b480000)
  to   space 25600K, 0% used [0x0000000788380000,0x0000000788380000,0x0000000789c80000)
 ParOldGen       total 134144K, used 44827K [0x00000006c1e00000, 0x00000006ca100000, 0x000000076b500000)
  object space 134144K, 33% used [0x00000006c1e00000,0x00000006c49c6d58,0x00000006ca100000)
 Metaspace       used 53518K, capacity 57056K, committed 57216K, reserved 1097728K
  class space    used 7405K, capacity 8018K, committed 8064K, reserved 1048576K
Event: 213.095 GC heap after
Heap after GC invocations=14 (full 3):
 PSYoungGen      total 499200K, used 9551K [0x000000076b500000, 0x000000078b580000, 0x00000007c0000000)
  eden space 473600K, 0% used [0x000000076b500000,0x000000076b500000,0x0000000788380000)
  from space 25600K, 37% used [0x0000000788380000,0x0000000788cd3e60,0x0000000789c80000)
  to   space 25088K, 0% used [0x0000000789d00000,0x0000000789d00000,0x000000078b580000)
 ParOldGen       total 134144K, used 44835K [0x00000006c1e00000, 0x00000006ca100000, 0x000000076b500000)
  object space 134144K, 33% used [0x00000006c1e00000,0x00000006c49c8d58,0x00000006ca100000)
 Metaspace       used 53518K, capacity 57056K, committed 57216K, reserved 1097728K
  class space    used 7405K, capacity 8018K, committed 8064K, reserved 1048576K
}
Event: 213.095 GC heap before
{Heap before GC invocations=15 (full 4):
 PSYoungGen      total 499200K, used 9551K [0x000000076b500000, 0x000000078b580000, 0x00000007c0000000)
  eden space 473600K, 0% used [0x000000076b500000,0x000000076b500000,0x0000000788380000)
  from space 25600K, 37% used [0x0000000788380000,0x0000000788cd3e60,0x0000000789c80000)
  to   space 25088K, 0% used [0x0000000789d00000,0x0000000789d00000,0x000000078b580000)
 ParOldGen       total 134144K, used 44835K [0x00000006c1e00000, 0x00000006ca100000, 0x000000076b500000)
  object space 134144K, 33% used [0x00000006c1e00000,0x00000006c49c8d58,0x00000006ca100000)
 Metaspace       used 53518K, capacity 57056K, committed 57216K, reserved 1097728K
  class space    used 7405K, capacity 8018K, committed 8064K, reserved 1048576K
Event: 213.633 GC heap after
Heap after GC invocations=15 (full 4):
 PSYoungGen      total 499200K, used 0K [0x000000076b500000, 0x000000078b580000, 0x00000007c0000000)
  eden space 473600K, 0% used [0x000000076b500000,0x000000076b500000,0x0000000788380000)
  from space 25600K, 0% used [0x0000000788380000,0x0000000788380000,0x0000000789c80000)
  to   space 25088K, 0% used [0x0000000789d00000,0x0000000789d00000,0x000000078b580000)
 ParOldGen       total 134144K, used 48706K [0x00000006c1e00000, 0x00000006ca100000, 0x000000076b500000)
  object space 134144K, 36% used [0x00000006c1e00000,0x00000006c4d909a8,0x00000006ca100000)
 Metaspace       used 53514K, capacity 57050K, committed 57216K, reserved 1097728K
  class space    used 7405K, capacity 8017K, committed 8064K, reserved 1048576K
}
Event: 222.799 GC heap before
{Heap before GC invocations=16 (full 4):
 PSYoungGen      total 499200K, used 326870K [0x000000076b500000, 0x000000078b580000, 0x00000007c0000000)
  eden space 473600K, 69% used [0x000000076b500000,0x000000077f435900,0x0000000788380000)
  from space 25600K, 0% used [0x0000000788380000,0x0000000788380000,0x0000000789c80000)
  to   space 25088K, 0% used [0x0000000789d00000,0x0000000789d00000,0x000000078b580000)
 ParOldGen       total 134144K, used 48706K [0x00000006c1e00000, 0x00000006ca100000, 0x000000076b500000)
  object space 134144K, 36% used [0x00000006c1e00000,0x00000006c4d909a8,0x00000006ca100000)
 Metaspace       used 53928K, capacity 57614K, committed 57856K, reserved 1099776K
  class space    used 7447K, capacity 8088K, committed 8192K, reserved 1048576K
Event: 222.808 GC heap after
Heap after GC invocations=16 (full 4):
 PSYoungGen      total 498688K, used 8670K [0x000000076b500000, 0x000000078b480000, 0x00000007c0000000)
  eden space 474624K, 0% used [0x000000076b500000,0x000000076b500000,0x0000000788480000)
  from space 24064K, 36% used [0x0000000789d00000,0x000000078a577a60,0x000000078b480000)
  to   space 24576K, 0% used [0x0000000788480000,0x0000000788480000,0x0000000789c80000)
 ParOldGen       total 134144K, used 48714K [0x00000006c1e00000, 0x00000006ca100000, 0x000000076b500000)
  object space 134144K, 36% used [0x00000006c1e00000,0x00000006c4d929a8,0x00000006ca100000)
 Metaspace       used 53928K, capacity 57614K, committed 57856K, reserved 1099776K
  class space    used 7447K, capacity 8088K, committed 8192K, reserved 1048576K
}
Event: 222.808 GC heap before
{Heap before GC invocations=17 (full 5):
 PSYoungGen      total 498688K, used 8670K [0x000000076b500000, 0x000000078b480000, 0x00000007c0000000)
  eden space 474624K, 0% used [0x000000076b500000,0x000000076b500000,0x0000000788480000)
  from space 24064K, 36% used [0x0000000789d00000,0x000000078a577a60,0x000000078b480000)
  to   space 24576K, 0% used [0x0000000788480000,0x0000000788480000,0x0000000789c80000)
 ParOldGen       total 134144K, used 48714K [0x00000006c1e00000, 0x00000006ca100000, 0x000000076b500000)
  object space 134144K, 36% used [0x00000006c1e00000,0x00000006c4d929a8,0x00000006ca100000)
 Metaspace       used 53928K, capacity 57614K, committed 57856K, reserved 1099776K
  class space    used 7447K, capacity 8088K, committed 8192K, reserved 1048576K
Event: 223.120 GC heap after
Heap after GC invocations=17 (full 5):
 PSYoungGen      total 498688K, used 0K [0x000000076b500000, 0x000000078b480000, 0x00000007c0000000)
  eden space 474624K, 0% used [0x000000076b500000,0x000000076b500000,0x0000000788480000)
  from space 24064K, 0% used [0x0000000789d00000,0x0000000789d00000,0x000000078b480000)
  to   space 24576K, 0% used [0x0000000788480000,0x0000000788480000,0x0000000789c80000)
 ParOldGen       total 134144K, used 53135K [0x00000006c1e00000, 0x00000006ca100000, 0x000000076b500000)
  object space 134144K, 39% used [0x00000006c1e00000,0x00000006c51e3d80,0x00000006ca100000)
 Metaspace       used 53924K, capacity 57608K, committed 57856K, reserved 1099776K
  class space    used 7447K, capacity 8087K, committed 8192K, reserved 1048576K
}

