# JRE version: OpenJDK Runtime Environment (8.0_222-b10) (build 1.8.0_222-8u222-b10-1ubuntu1~18.04.1-b10)
# Java VM: OpenJDK 64-Bit Server VM (25.222-b10 mixed mode linux-amd64 compressed oops)
Heap:
 PSYoungGen      total 510464K, used 13374K [0x0000000789200000, 0x00000007aa200000, 0x00000007c0000000)
  eden space 496128K, 0% used [0x0000000789200000,0x0000000789200000,0x00000007a7680000)
  from space 14336K, 93% used [0x00000007a7680000,0x00000007a838fb98,0x00000007a8480000)
  to   space 13824K, 0% used [0x00000007a8480000,0x00000007a8480000,0x00000007a9200000)
 ParOldGen       total 80896K, used 21003K [0x000000071b600000, 0x0000000720500000, 0x0000000789200000)
  object space 80896K, 25% used [0x000000071b600000,0x000000071ca82f40,0x0000000720500000)
 Metaspace       used 42638K, capacity 44436K, committed 44544K, reserved 1087488K
  class space    used 5440K, capacity 5810K, committed 5888K, reserved 1048576K
GC Heap History (10 events):
Event: 29.645 GC heap after
Heap after GC invocations=8 (full 1):
 PSYoungGen      total 179200K, used 0K [0x0000000789200000, 0x000000079f100000, 0x00000007c0000000)
  eden space 170496K, 0% used [0x0000000789200000,0x0000000789200000,0x0000000793880000)
  from space 8704K, 0% used [0x0000000793880000,0x0000000793880000,0x0000000794100000)
  to   space 9216K, 0% used [0x000000079e800000,0x000000079e800000,0x000000079f100000)
 ParOldGen       total 55296K, used 6105K [0x000000071b600000, 0x000000071ec00000, 0x0000000789200000)
  object space 55296K, 11% used [0x000000071b600000,0x000000071bbf6458,0x000000071ec00000)
 Metaspace       used 20560K, capacity 21136K, committed 21248K, reserved 1067008K
  class space    used 2573K, capacity 2742K, committed 2816K, reserved 1048576K
}
Event: 33.189 GC heap before
{Heap before GC invocations=9 (full 1):
 PSYoungGen      total 179200K, used 170496K [0x0000000789200000, 0x000000079f100000, 0x00000007c0000000)
  eden space 170496K, 100% used [0x0000000789200000,0x0000000793880000,0x0000000793880000)
  from space 8704K, 0% used [0x0000000793880000,0x0000000793880000,0x0000000794100000)
  to   space 9216K, 0% used [0x000000079e800000,0x000000079e800000,0x000000079f100000)
 ParOldGen       total 55296K, used 6105K [0x000000071b600000, 0x000000071ec00000, 0x0000000789200000)
  object space 55296K, 11% used [0x000000071b600000,0x000000071bbf6458,0x000000071ec00000)
 Metaspace       used 26194K, capacity 27032K, committed 27136K, reserved 1073152K
  class space    used 3307K, capacity 3496K, committed 3584K, reserved 1048576K
Event: 33.224 GC heap after
Heap after GC invocations=9 (full 1):
 PSYoungGen      total 333824K, used 9204K [0x0000000789200000, 0x000000079f100000, 0x00000007c0000000)
  eden space 324608K, 0% used [0x0000000789200000,0x0000000789200000,0x000000079cf00000)
  from space 9216K, 99% used [0x000000079e800000,0x000000079f0fd078,0x000000079f100000)
  to   space 10240K, 0% used [0x000000079dd00000,0x000000079dd00000,0x000000079e700000)
 ParOldGen       total 55296K, used 6186K [0x000000071b600000, 0x000000071ec00000, 0x0000000789200000)
  object space 55296K, 11% used [0x000000071b600000,0x000000071bc0a970,0x000000071ec00000)
 Metaspace       used 26194K, capacity 27032K, committed 27136K, reserved 1073152K
  class space    used 3307K, capacity 3496K, committed 3584K, reserved 1048576K
}
Event: 43.401 GC heap before
{Heap before GC invocations=10 (full 1):
 PSYoungGen      total 333824K, used 333812K [0x0000000789200000, 0x000000079f100000, 0x00000007c0000000)
  eden space 324608K, 100% used [0x0000000789200000,0x000000079cf00000,0x000000079cf00000)
  from space 9216K, 99% used [0x000000079e800000,0x000000079f0fd078,0x000000079f100000)
  to   space 10240K, 0% used [0x000000079dd00000,0x000000079dd00000,0x000000079e700000)
 ParOldGen       total 55296K, used 6186K [0x000000071b600000, 0x000000071ec00000, 0x0000000789200000)
  object space 55296K, 11% used [0x000000071b600000,0x000000071bc0a970,0x000000071ec00000)
 Metaspace       used 29949K, capacity 31012K, committed 31232K, reserved 1077248K
  class space    used 3788K, capacity 4022K, committed 4096K, reserved 1048576K
Event: 43.774 GC heap after
Heap after GC invocations=10 (full 1):
 PSYoungGen      total 349184K, used 10229K [0x0000000789200000, 0x00000007a9200000, 0x00000007c0000000)
  eden space 338944K, 0% used [0x0000000789200000,0x0000000789200000,0x000000079dd00000)
  from space 10240K, 99% used [0x000000079dd00000,0x000000079e6fd4e0,0x000000079e700000)
  to   space 13824K, 0% used [0x00000007a8480000,0x00000007a8480000,0x00000007a9200000)
 ParOldGen       total 55296K, used 11929K [0x000000071b600000, 0x000000071ec00000, 0x0000000789200000)
  object space 55296K, 21% used [0x000000071b600000,0x000000071c1a6420,0x000000071ec00000)
 Metaspace       used 29949K, capacity 31012K, committed 31232K, reserved 1077248K
  class space    used 3788K, capacity 4022K, committed 4096K, reserved 1048576K
}
Event: 48.856 GC heap before
{Heap before GC invocations=11 (full 1):
 PSYoungGen      total 349184K, used 244440K [0x0000000789200000, 0x00000007a9200000, 0x00000007c0000000)
  eden space 338944K, 69% used [0x0000000789200000,0x00000007976b8ef8,0x000000079dd00000)
  from space 10240K, 99% used [0x000000079dd00000,0x000000079e6fd4e0,0x000000079e700000)
  to   space 13824K, 0% used [0x00000007a8480000,0x00000007a8480000,0x00000007a9200000)
 ParOldGen       total 55296K, used 11929K [0x000000071b600000, 0x000000071ec00000, 0x0000000789200000)
  object space 55296K, 21% used [0x000000071b600000,0x000000071c1a6420,0x000000071ec00000)
 Metaspace       used 33959K, capacity 35248K, committed 35416K, reserved 1081344K
  class space    used 4251K, capacity 4526K, committed 4608K, reserved 1048576K
Event: 48.919 GC heap after
Heap after GC invocations=11 (full 1):
 PSYoungGen      total 509952K, used 10064K [0x0000000789200000, 0x00000007aa200000, 0x00000007c0000000)
  eden space 496128K, 0% used [0x0000000789200000,0x0000000789200000,0x00000007a7680000)
  from space 13824K, 72% used [0x00000007a8480000,0x00000007a8e54058,0x00000007a9200000)
  to   space 14336K, 0% used [0x00000007a7680000,0x00000007a7680000,0x00000007a8480000)
 ParOldGen       total 55296K, used 17772K [0x000000071b600000, 0x000000071ec00000, 0x0000000789200000)
  object space 55296K, 32% used [0x000000071b600000,0x000000071c75b398,0x000000071ec00000)
 Metaspace       used 33959K, capacity 35248K, committed 35416K, reserved 1081344K
  class space    used 4251K, capacity 4526K, committed 4608K, reserved 1048576K
}
Event: 48.919 GC heap before
{Heap before GC invocations=12 (full 2):
 PSYoungGen      total 509952K, used 10064K [0x0000000789200000, 0x00000007aa200000, 0x00000007c0000000)
  eden space 496128K, 0% used [0x0000000789200000,0x0000000789200000,0x00000007a7680000)
  from space 13824K, 72% used [0x00000007a8480000,0x00000007a8e54058,0x00000007a9200000)
  to   space 14336K, 0% used [0x00000007a7680000,0x00000007a7680000,0x00000007a8480000)
 ParOldGen       total 55296K, used 17772K [0x000000071b600000, 0x000000071ec00000, 0x0000000789200000)
  object space 55296K, 32% used [0x000000071b600000,0x000000071c75b398,0x000000071ec00000)
 Metaspace       used 33959K, capacity 35248K, committed 35416K, reserved 1081344K
  class space    used 4251K, capacity 4526K, committed 4608K, reserved 1048576K
Event: 49.433 GC heap after
Heap after GC invocations=12 (full 2):
 PSYoungGen      total 509952K, used 0K [0x0000000789200000, 0x00000007aa200000, 0x00000007c0000000)
  eden space 496128K, 0% used [0x0000000789200000,0x0000000789200000,0x00000007a7680000)
  from space 13824K, 0% used [0x00000007a8480000,0x00000007a8480000,0x00000007a9200000)
  to   space 14336K, 0% used [0x00000007a7680000,0x00000007a7680000,0x00000007a8480000)
 ParOldGen       total 80896K, used 20995K [0x000000071b600000, 0x0000000720500000, 0x0000000789200000)
  object space 80896K, 25% used [0x000000071b600000,0x000000071ca80f40,0x0000000720500000)
 Metaspace       used 33959K, capacity 35248K, committed 35416K, reserved 1081344K
  class space    used 4251K, capacity 4526K, committed 4608K, reserved 1048576K
}
Event: 61.922 GC heap before
{Heap before GC invocations=13 (full 2):
 PSYoungGen      total 509952K, used 496128K [0x0000000789200000, 0x00000007aa200000, 0x00000007c0000000)
  eden space 496128K, 100% used [0x0000000789200000,0x00000007a7680000,0x00000007a7680000)
  from space 13824K, 0% used [0x00000007a8480000,0x00000007a8480000,0x00000007a9200000)
  to   space 14336K, 0% used [0x00000007a7680000,0x00000007a7680000,0x00000007a8480000)
 ParOldGen       total 80896K, used 20995K [0x000000071b600000, 0x0000000720500000, 0x0000000789200000)
  object space 80896K, 25% used [0x000000071b600000,0x000000071ca80f40,0x0000000720500000)
 Metaspace       used 42638K, capacity 44436K, committed 44544K, reserved 1087488K
  class space    used 5440K, capacity 5810K, committed 5888K, reserved 1048576K

